

===== PROCESS_START 2025-11-24T04:56:04.278Z =====
D:\Software\Projects\AI _Project\Prediccion_Psicologia\.venv\Lib\site-packages\sitecustomize.py:40: UserWarning: torchaudio._backend.set_audio_backend has been deprecated. With dispatcher enabled, this function is no-op. You can remove the function call.
  torchaudio.set_audio_backend('soundfile')
D:\Software\Projects\AI _Project\Prediccion_Psicologia\transciption\diarize_and_label.py:11: UserWarning: pkg_resources is deprecated as an API. See https://setuptools.pypa.io/en/latest/pkg_resources.html. The pkg_resources package is slated for removal as early as 2025-11-30. Refrain from using this package or pin to Setuptools<81.
  import pkg_resources
D:\Software\Projects\AI _Project\Prediccion_Psicologia\transciption\diarize_and_label.py:20: UserWarning: torchaudio._backend.set_audio_backend has been deprecated. With dispatcher enabled, this function is no-op. You can remove the function call.
  torchaudio.set_audio_backend("soundfile")
D:\Software\Projects\AI _Project\Prediccion_Psicologia\.venv\Lib\site-packages\whisper\timing.py:42: UserWarning: Failed to launch Triton kernels, likely due to missing CUDA toolkit; falling back to a slower median kernel implementation...
  warnings.warn(
D:\Software\Projects\AI _Project\Prediccion_Psicologia\.venv\Lib\site-packages\whisper\timing.py:146: UserWarning: Failed to launch Triton kernels, likely due to missing CUDA toolkit; falling back to a slower DTW implementation...
  warnings.warn(
C:\Users\juana\AppData\Local\Programs\Python\Python311\Lib\inspect.py:988: UserWarning: Module 'speechbrain.pretrained' was deprecated, redirecting to 'speechbrain.inference'. Please update your script. This is a change from SpeechBrain 1.0. See: https://github.com/speechbrain/speechbrain/releases/tag/v1.0.0
  if ismodule(module) and hasattr(module, '__file__'):
Lightning automatically upgraded your loaded checkpoint from v1.5.4 to v2.5.6. To apply the upgrade to your files permanently, run `python -m pytorch_lightning.utilities.upgrade_checkpoint C:\Users\juana\.cache\torch\pyannote\models--pyannote--segmentation\snapshots\660b9e20307a2b0cdb400d0f80aadc04a701fc54\pytorch_model.bin`
D:\Software\Projects\AI _Project\Prediccion_Psicologia\.venv\Lib\site-packages\speechbrain\utils\autocast.py:188: FutureWarning: `torch.cuda.amp.custom_fwd(args...)` is deprecated. Please use `torch.amp.custom_fwd(args..., device_type='cuda')` instead.
  wrapped_fwd = torch.cuda.amp.custom_fwd(fwd, cast_inputs=cast_inputs)
D:\Software\Projects\AI _Project\Prediccion_Psicologia\.venv\Lib\site-packages\speechbrain\utils\parameter_transfer.py:234: UserWarning: Requested Pretrainer collection using symlinks on Windows. This might not work; see `LocalStrategy` documentation. Consider unsetting `collect_in` in Pretrainer to avoid symlinking altogether.
  warnings.warn(
D:\Software\Projects\AI _Project\Prediccion_Psicologia\.venv\Lib\site-packages\speechbrain\utils\checkpoints.py:200: FutureWarning: You are using `torch.load` with `weights_only=False` (the current default value), which uses the default pickle module implicitly. It is possible to construct malicious pickle data which will execute arbitrary code during unpickling (See https://github.com/pytorch/pytorch/blob/main/SECURITY.md#untrusted-models for more details). In a future release, the default value for `weights_only` will be flipped to `True`. This limits the functions that could be executed during unpickling. Arbitrary objects will no longer be allowed to be loaded via this mode unless they are explicitly allowlisted by the user via `torch.serialization.add_safe_globals`. We recommend you start setting `weights_only=True` for any use case where you don't have full control of the loaded file. Please open an issue on GitHub for any issues related to this experimental feature.
  state_dict = torch.load(path, map_location=device)
D:\Software\Projects\AI _Project\Prediccion_Psicologia\.venv\Lib\site-packages\speechbrain\processing\features.py:1529: FutureWarning: You are using `torch.load` with `weights_only=False` (the current default value), which uses the default pickle module implicitly. It is possible to construct malicious pickle data which will execute arbitrary code during unpickling (See https://github.com/pytorch/pytorch/blob/main/SECURITY.md#untrusted-models for more details). In a future release, the default value for `weights_only` will be flipped to `True`. This limits the functions that could be executed during unpickling. Arbitrary objects will no longer be allowed to be loaded via this mode unless they are explicitly allowlisted by the user via `torch.serialization.add_safe_globals`. We recommend you start setting `weights_only=True` for any use case where you don't have full control of the loaded file. Please open an issue on GitHub for any issues related to this experimental feature.
  stats = torch.load(path, map_location=device)
D:\Software\Projects\AI _Project\Prediccion_Psicologia\.venv\Lib\site-packages\pyannote\audio\utils\reproducibility.py:74: ReproducibilityWarning: TensorFloat-32 (TF32) has been disabled as it might lead to reproducibility issues and lower accuracy.
It can be re-enabled by calling
   >>> import torch
   >>> torch.backends.cuda.matmul.allow_tf32 = True
   >>> torch.backends.cudnn.allow_tf32 = True
See https://github.com/pyannote/pyannote-audio/issues/1370 for more details.

  warnings.warn(
sitecustomize: set torchaudio backend to 'soundfile'
============================================================
PIPELINE COMPLETO DE ANÁLISIS DE AUDIO
============================================================

Archivo: D:\Software\Projects\AI _Project\Prediccion_Psicologia\recordings\patient_1.wav
Salida: D:\Software\Projects\AI _Project\Prediccion_Psicologia\outputs/


============================================================
PASO 1/3: TRANSCRIPCIÓN
============================================================

Cargando modelo Whisper...
Transcribiendo audio...
✓ Transcripción guardada: D:\Software\Projects\AI _Project\Prediccion_Psicologia\outputs\patient_1_transcription.json
✓ Texto guardado: D:\Software\Projects\AI _Project\Prediccion_Psicologia\outputs\patient_1_transcription.txt

============================================================
PASO 2/3: DIARIZACIÓN Y ETIQUETADO
============================================================

=== Diarización y Etiquetado ===

⚠ Advertencia: 'huggingface_hub' versión detectada: 0.36.0. pyannote.audio (3.x) historically required the older 'use_auth_token' API. The script will attempt compatibility wrappers and proceed; if the pipeline fails, consider installing a compatible version: `pip install huggingface_hub==0.13.4`.
Cargando transcripción existente: D:\Software\Projects\AI _Project\Prediccion_Psicologia\outputs\patient_1_transcription.json

Realizando diarización con pyannote...
GPU disponible: True
GPU: NVIDIA GeForce RTX 4060 Laptop GPU
Cargando pipeline pyannote desde ruta local (config): C:\Users\juana\.cache\huggingface\hub\models--pyannote--speaker-diarization\snapshots\25bcc7e3631933a02af5ee39379797d704aee3f8\config.yaml
Model was trained with pyannote.audio 0.0.1, yours is 3.4.0. Bad things might happen unless you revert pyannote.audio to 0.x.
Model was trained with torch 1.10.0+cu102, yours is 2.5.1+cu121. Bad things might happen unless you revert torch to 1.x.
✓ Diarización guardada: D:\Software\Projects\AI _Project\Prediccion_Psicologia\outputs\patient_1_diarization.txt

Asignando texto a cada hablante...
✓ Etiquetado JSON guardado: D:\Software\Projects\AI _Project\Prediccion_Psicologia\outputs\patient_1_labeled.json
✓ Etiquetado TXT guardado: D:\Software\Projects\AI _Project\Prediccion_Psicologia\outputs\patient_1_labeled.txt

--- Resumen ---
Hablantes detectados: 2
  SPEAKER_00: 1 intervenciones
  SPEAKER_01: 3 intervenciones

============================================================
PASO 3/3: IDENTIFICACIÓN (OMITIDO)
============================================================

⚠ No se encontraron audios de referencia en 'refs'
  Para identificar hablantes, coloca archivos WAV en esa carpeta con nombres descriptivos
  Ejemplo: refs/psicologo.wav, refs/paciente.wav

============================================================
✓ PROCESO COMPLETADO
============================================================

Archivos generados en 'D:\Software\Projects\AI _Project\Prediccion_Psicologia\outputs/':
  • patient_1_diarization.txt
  • patient_1_labeled.json
  • patient_1_labeled.txt
  • patient_1_transcription.json
  • patient_1_transcription.txt

============================================================
✓ TODO COMPLETADO EXITOSAMENTE
============================================================

===== PROCESS_EXIT 0 2025-11-24T04:56:20.967Z =====
